# JRE version: OpenJDK Runtime Environment (8.0_242-b01) (build 1.8.0_242-release-1644-b01)
# Java VM: OpenJDK 64-Bit Server VM (25.242-b01 mixed mode windows-amd64 compressed oops)
Heap:
 PSYoungGen      total 496128K, used 362837K [0x00000000d5580000, 0x00000000f9000000, 0x0000000100000000)
  eden space 444416K, 75% used [0x00000000d5580000,0x00000000e9d9e990,0x00000000f0780000)
  from space 51712K, 51% used [0x00000000f0780000,0x00000000f21b6c00,0x00000000f3a00000)
  to   space 50688K, 0% used [0x00000000f5e80000,0x00000000f5e80000,0x00000000f9000000)
 ParOldGen       total 360448K, used 103174K [0x0000000080000000, 0x0000000096000000, 0x00000000d5580000)
  object space 360448K, 28% used [0x0000000080000000,0x00000000864c1808,0x0000000096000000)
 Metaspace       used 112403K, capacity 118424K, committed 118616K, reserved 1153024K
  class space    used 14698K, capacity 15908K, committed 16000K, reserved 1048576K
GC Heap History (10 events):
Event: 21.392 GC heap before
{Heap before GC invocations=19 (full 3):
 PSYoungGen      total 379392K, used 379379K [0x00000000d5580000, 0x00000000f3180000, 0x0000000100000000)
  eden space 351744K, 100% used [0x00000000d5580000,0x00000000ead00000,0x00000000ead00000)
  from space 27648K, 99% used [0x00000000ead00000,0x00000000ec7fce90,0x00000000ec800000)
  to   space 38400K, 0% used [0x00000000f0c00000,0x00000000f0c00000,0x00000000f3180000)
 ParOldGen       total 212992K, used 63634K [0x0000000080000000, 0x000000008d000000, 0x00000000d5580000)
  object space 212992K, 29% used [0x0000000080000000,0x0000000083e248b8,0x000000008d000000)
 Metaspace       used 88364K, capacity 94062K, committed 94296K, reserved 1130496K
  class space    used 11918K, capacity 12926K, committed 12928K, reserved 1048576K
Event: 21.427 GC heap after
Heap after GC invocations=19 (full 3):
 PSYoungGen      total 446976K, used 27747K [0x00000000d5580000, 0x00000000f3680000, 0x0000000100000000)
  eden space 408576K, 0% used [0x00000000d5580000,0x00000000d5580000,0x00000000ee480000)
  from space 38400K, 72% used [0x00000000f0c00000,0x00000000f2718f68,0x00000000f3180000)
  to   space 40448K, 0% used [0x00000000ee480000,0x00000000ee480000,0x00000000f0c00000)
 ParOldGen       total 212992K, used 76353K [0x0000000080000000, 0x000000008d000000, 0x00000000d5580000)
  object space 212992K, 35% used [0x0000000080000000,0x0000000084a90550,0x000000008d000000)
 Metaspace       used 88364K, capacity 94062K, committed 94296K, reserved 1130496K
  class space    used 11918K, capacity 12926K, committed 12928K, reserved 1048576K
}
Event: 163.652 GC heap before
{Heap before GC invocations=20 (full 3):
 PSYoungGen      total 446976K, used 322613K [0x00000000d5580000, 0x00000000f3680000, 0x0000000100000000)
  eden space 408576K, 72% used [0x00000000d5580000,0x00000000e7574840,0x00000000ee480000)
  from space 38400K, 72% used [0x00000000f0c00000,0x00000000f2718f68,0x00000000f3180000)
  to   space 40448K, 0% used [0x00000000ee480000,0x00000000ee480000,0x00000000f0c00000)
 ParOldGen       total 212992K, used 76353K [0x0000000080000000, 0x000000008d000000, 0x00000000d5580000)
  object space 212992K, 35% used [0x0000000080000000,0x0000000084a90550,0x000000008d000000)
 Metaspace       used 92452K, capacity 98326K, committed 98380K, reserved 1134592K
  class space    used 12436K, capacity 13518K, committed 13568K, reserved 1048576K
Event: 163.680 GC heap after
Heap after GC invocations=20 (full 3):
 PSYoungGen      total 449024K, used 40422K [0x00000000d5580000, 0x00000000f6a80000, 0x0000000100000000)
  eden space 408576K, 0% used [0x00000000d5580000,0x00000000d5580000,0x00000000ee480000)
  from space 40448K, 99% used [0x00000000ee480000,0x00000000f0bf9bf0,0x00000000f0c00000)
  to   space 49664K, 0% used [0x00000000f3a00000,0x00000000f3a00000,0x00000000f6a80000)
 ParOldGen       total 212992K, used 83939K [0x0000000080000000, 0x000000008d000000, 0x00000000d5580000)
  object space 212992K, 39% used [0x0000000080000000,0x00000000851f8dc8,0x000000008d000000)
 Metaspace       used 92452K, capacity 98326K, committed 98380K, reserved 1134592K
  class space    used 12436K, capacity 13518K, committed 13568K, reserved 1048576K
}
Event: 163.680 GC heap before
{Heap before GC invocations=21 (full 4):
 PSYoungGen      total 449024K, used 40422K [0x00000000d5580000, 0x00000000f6a80000, 0x0000000100000000)
  eden space 408576K, 0% used [0x00000000d5580000,0x00000000d5580000,0x00000000ee480000)
  from space 40448K, 99% used [0x00000000ee480000,0x00000000f0bf9bf0,0x00000000f0c00000)
  to   space 49664K, 0% used [0x00000000f3a00000,0x00000000f3a00000,0x00000000f6a80000)
 ParOldGen       total 212992K, used 83939K [0x0000000080000000, 0x000000008d000000, 0x00000000d5580000)
  object space 212992K, 39% used [0x0000000080000000,0x00000000851f8dc8,0x000000008d000000)
 Metaspace       used 92452K, capacity 98326K, committed 98380K, reserved 1134592K
  class space    used 12436K, capacity 13518K, committed 13568K, reserved 1048576K
Event: 163.835 GC heap after
Heap after GC invocations=21 (full 4):
 PSYoungGen      total 449024K, used 0K [0x00000000d5580000, 0x00000000f6a80000, 0x0000000100000000)
  eden space 408576K, 0% used [0x00000000d5580000,0x00000000d5580000,0x00000000ee480000)
  from space 40448K, 0% used [0x00000000ee480000,0x00000000ee480000,0x00000000f0c00000)
  to   space 49664K, 0% used [0x00000000f3a00000,0x00000000f3a00000,0x00000000f6a80000)
 ParOldGen       total 360448K, used 103158K [0x0000000080000000, 0x0000000096000000, 0x00000000d5580000)
  object space 360448K, 28% used [0x0000000080000000,0x00000000864bd808,0x0000000096000000)
 Metaspace       used 91550K, capacity 95696K, committed 98380K, reserved 1134592K
  class space    used 12147K, capacity 13005K, committed 13568K, reserved 1048576K
}
Event: 262.653 GC heap before
{Heap before GC invocations=22 (full 4):
 PSYoungGen      total 449024K, used 408576K [0x00000000d5580000, 0x00000000f6a80000, 0x0000000100000000)
  eden space 408576K, 100% used [0x00000000d5580000,0x00000000ee480000,0x00000000ee480000)
  from space 40448K, 0% used [0x00000000ee480000,0x00000000ee480000,0x00000000f0c00000)
  to   space 49664K, 0% used [0x00000000f3a00000,0x00000000f3a00000,0x00000000f6a80000)
 ParOldGen       total 360448K, used 103158K [0x0000000080000000, 0x0000000096000000, 0x00000000d5580000)
  object space 360448K, 28% used [0x0000000080000000,0x00000000864bd808,0x0000000096000000)
 Metaspace       used 99508K, capacity 104180K, committed 105944K, reserved 1140736K
  class space    used 12944K, capacity 13924K, committed 14336K, reserved 1048576K
Event: 262.690 GC heap after
Heap after GC invocations=22 (full 4):
 PSYoungGen      total 494080K, used 33582K [0x00000000d5580000, 0x00000000f6e80000, 0x0000000100000000)
  eden space 444416K, 0% used [0x00000000d5580000,0x00000000d5580000,0x00000000f0780000)
  from space 49664K, 67% used [0x00000000f3a00000,0x00000000f5acb800,0x00000000f6a80000)
  to   space 51712K, 0% used [0x00000000f0780000,0x00000000f0780000,0x00000000f3a00000)
 ParOldGen       total 360448K, used 103166K [0x0000000080000000, 0x0000000096000000, 0x00000000d5580000)
  object space 360448K, 28% used [0x0000000080000000,0x00000000864bf808,0x0000000096000000)
 Metaspace       used 99508K, capacity 104180K, committed 105944K, reserved 1140736K
  class space    used 12944K, capacity 13924K, committed 14336K, reserved 1048576K
}
Event: 267.259 GC heap before
{Heap before GC invocations=23 (full 4):
 PSYoungGen      total 494080K, used 477998K [0x00000000d5580000, 0x00000000f6e80000, 0x0000000100000000)
  eden space 444416K, 100% used [0x00000000d5580000,0x00000000f0780000,0x00000000f0780000)
  from space 49664K, 67% used [0x00000000f3a00000,0x00000000f5acb800,0x00000000f6a80000)
  to   space 51712K, 0% used [0x00000000f0780000,0x00000000f0780000,0x00000000f3a00000)
 ParOldGen       total 360448K, used 103166K [0x0000000080000000, 0x0000000096000000, 0x00000000d5580000)
  object space 360448K, 28% used [0x0000000080000000,0x00000000864bf808,0x0000000096000000)
 Metaspace       used 105411K, capacity 110328K, committed 111576K, reserved 1146880K
  class space    used 13567K, capacity 14590K, committed 14848K, reserved 1048576K
Event: 267.281 GC heap after
Heap after GC invocations=23 (full 4):
 PSYoungGen      total 496128K, used 26843K [0x00000000d5580000, 0x00000000f9000000, 0x0000000100000000)
  eden space 444416K, 0% used [0x00000000d5580000,0x00000000d5580000,0x00000000f0780000)
  from space 51712K, 51% used [0x00000000f0780000,0x00000000f21b6c00,0x00000000f3a00000)
  to   space 50688K, 0% used [0x00000000f5e80000,0x00000000f5e80000,0x00000000f9000000)
 ParOldGen       total 360448K, used 103174K [0x0000000080000000, 0x0000000096000000, 0x00000000d5580000)
  object space 360448K, 28% used [0x0000000080000000,0x00000000864c1808,0x0000000096000000)
 Metaspace       used 105411K, capacity 110328K, committed 111576K, reserved 1146880K
  class space    used 13567K, capacity 14590K, committed 14848K, reserved 1048576K
}

